# JRE version: OpenJDK Runtime Environment Corretto-11.0.30.7.1 (11.0.30+7) (build 11.0.30+7-LTS)
# Java VM: OpenJDK 64-Bit Server VM Corretto-11.0.30.7.1 (11.0.30+7-LTS, mixed mode, tiered, compressed oops, g1 gc, windows-amd64)
Heap:
 garbage-first heap   total 155648K, used 10829K [0x0000000082e00000, 0x0000000100000000)
  region size 1024K, 8 young (8192K), 8 survivors (8192K)
 Metaspace       used 25949K, capacity 26603K, committed 26752K, reserved 1073152K
  class space    used 2753K, capacity 2937K, committed 2944K, reserved 1048576K
GC Heap History (9 events):
Event: 0.813 GC heap before
{Heap before GC invocations=0 (full 0):
 garbage-first heap   total 129024K, used 14336K [0x0000000082e00000, 0x0000000100000000)
  region size 1024K, 14 young (14336K), 0 survivors (0K)
 Metaspace       used 10939K, capacity 11097K, committed 11392K, reserved 1058816K
  class space    used 1022K, capacity 1106K, committed 1152K, reserved 1048576K
}
Event: 0.819 GC heap after
{Heap after GC invocations=1 (full 0):
 garbage-first heap   total 129024K, used 3017K [0x0000000082e00000, 0x0000000100000000)
  region size 1024K, 2 young (2048K), 2 survivors (2048K)
 Metaspace       used 10939K, capacity 11097K, committed 11392K, reserved 1058816K
  class space    used 1022K, capacity 1106K, committed 1152K, reserved 1048576K
}
Event: 1.041 GC heap before
{Heap before GC invocations=1 (full 0):
 garbage-first heap   total 129024K, used 11209K [0x0000000082e00000, 0x0000000100000000)
  region size 1024K, 10 young (10240K), 2 survivors (2048K)
 Metaspace       used 13108K, capacity 13373K, committed 13568K, reserved 1060864K
  class space    used 1315K, capacity 1418K, committed 1536K, reserved 1048576K
}
Event: 1.044 GC heap after
{Heap after GC invocations=2 (full 0):
 garbage-first heap   total 129024K, used 3534K [0x0000000082e00000, 0x0000000100000000)
  region size 1024K, 1 young (1024K), 1 survivors (1024K)
 Metaspace       used 13108K, capacity 13373K, committed 13568K, reserved 1060864K
  class space    used 1315K, capacity 1418K, committed 1536K, reserved 1048576K
}
Event: 1.470 GC heap before
{Heap before GC invocations=2 (full 0):
 garbage-first heap   total 129024K, used 31182K [0x0000000082e00000, 0x0000000100000000)
  region size 1024K, 28 young (28672K), 1 survivors (1024K)
 Metaspace       used 15011K, capacity 15241K, committed 15488K, reserved 1062912K
  class space    used 1544K, capacity 1651K, committed 1664K, reserved 1048576K
}
Event: 1.475 GC heap after
{Heap after GC invocations=3 (full 0):
 garbage-first heap   total 129024K, used 4371K [0x0000000082e00000, 0x0000000100000000)
  region size 1024K, 2 young (2048K), 2 survivors (2048K)
 Metaspace       used 15011K, capacity 15241K, committed 15488K, reserved 1062912K
  class space    used 1544K, capacity 1651K, committed 1664K, reserved 1048576K
}
Event: 2.630 GC heap before
{Heap before GC invocations=3 (full 0):
 garbage-first heap   total 129024K, used 43283K [0x0000000082e00000, 0x0000000100000000)
  region size 1024K, 41 young (41984K), 2 survivors (2048K)
 Metaspace       used 20840K, capacity 21240K, committed 21296K, reserved 1069056K
  class space    used 2290K, capacity 2430K, committed 2432K, reserved 1048576K
}
Event: 2.661 GC heap after
{Heap after GC invocations=4 (full 0):
 garbage-first heap   total 129024K, used 6562K [0x0000000082e00000, 0x0000000100000000)
  region size 1024K, 4 young (4096K), 4 survivors (4096K)
 Metaspace       used 20840K, capacity 21240K, committed 21296K, reserved 1069056K
  class space    used 2290K, capacity 2430K, committed 2432K, reserved 1048576K
}
Event: 5.553 GC heap before
{Heap before GC invocations=5 (full 0):
 garbage-first heap   total 129024K, used 79266K [0x0000000082e00000, 0x0000000100000000)
  region size 1024K, 75 young (76800K), 4 survivors (4096K)
 Metaspace       used 25949K, capacity 26603K, committed 26752K, reserved 1073152K
  class space    used 2753K, capacity 2937K, committed 2944K, reserved 1048576K
}

