# JRE version: OpenJDK Runtime Environment Corretto-11.0.30.7.1 (11.0.30+7) (build 11.0.30+7-LTS)
# Java VM: OpenJDK 64-Bit Server VM Corretto-11.0.30.7.1 (11.0.30+7-LTS, mixed mode, tiered, compressed oops, g1 gc, windows-amd64)
Heap:
 garbage-first heap   total 155648K, used 98304K [0x0000000082e00000, 0x0000000100000000)
  region size 1024K, 74 young (75776K), 9 survivors (9216K)
 Metaspace       used 61307K, capacity 63567K, committed 63696K, reserved 1105920K
  class space    used 7039K, capacity 7929K, committed 7936K, reserved 1048576K
GC Heap History (18 events):
Event: 1.003 GC heap before
{Heap before GC invocations=0 (full 0):
 garbage-first heap   total 129024K, used 14336K [0x0000000082e00000, 0x0000000100000000)
  region size 1024K, 14 young (14336K), 0 survivors (0K)
 Metaspace       used 10938K, capacity 11097K, committed 11392K, reserved 1058816K
  class space    used 1022K, capacity 1106K, committed 1152K, reserved 1048576K
}
Event: 1.007 GC heap after
{Heap after GC invocations=1 (full 0):
 garbage-first heap   total 129024K, used 3012K [0x0000000082e00000, 0x0000000100000000)
  region size 1024K, 2 young (2048K), 2 survivors (2048K)
 Metaspace       used 10938K, capacity 11097K, committed 11392K, reserved 1058816K
  class space    used 1022K, capacity 1106K, committed 1152K, reserved 1048576K
}
Event: 1.275 GC heap before
{Heap before GC invocations=1 (full 0):
 garbage-first heap   total 129024K, used 16324K [0x0000000082e00000, 0x0000000100000000)
  region size 1024K, 15 young (15360K), 2 survivors (2048K)
 Metaspace       used 13357K, capacity 13605K, committed 13824K, reserved 1060864K
  class space    used 1355K, capacity 1452K, committed 1536K, reserved 1048576K
}
Event: 1.279 GC heap after
{Heap after GC invocations=2 (full 0):
 garbage-first heap   total 129024K, used 3757K [0x0000000082e00000, 0x0000000100000000)
  region size 1024K, 1 young (1024K), 1 survivors (1024K)
 Metaspace       used 13357K, capacity 13605K, committed 13824K, reserved 1060864K
  class space    used 1355K, capacity 1452K, committed 1536K, reserved 1048576K
}
Event: 1.799 GC heap before
{Heap before GC invocations=2 (full 0):
 garbage-first heap   total 129024K, used 34477K [0x0000000082e00000, 0x0000000100000000)
  region size 1024K, 31 young (31744K), 1 survivors (1024K)
 Metaspace       used 16123K, capacity 16324K, committed 16384K, reserved 1064960K
  class space    used 1672K, capacity 1756K, committed 1792K, reserved 1048576K
}
Event: 1.802 GC heap after
{Heap after GC invocations=3 (full 0):
 garbage-first heap   total 129024K, used 4644K [0x0000000082e00000, 0x0000000100000000)
  region size 1024K, 2 young (2048K), 2 survivors (2048K)
 Metaspace       used 16123K, capacity 16324K, committed 16384K, reserved 1064960K
  class space    used 1672K, capacity 1756K, committed 1792K, reserved 1048576K
}
Event: 2.779 GC heap before
{Heap before GC invocations=3 (full 0):
 garbage-first heap   total 129024K, used 35364K [0x0000000082e00000, 0x0000000100000000)
  region size 1024K, 33 young (33792K), 2 survivors (2048K)
 Metaspace       used 20840K, capacity 21240K, committed 21296K, reserved 1069056K
  class space    used 2290K, capacity 2430K, committed 2432K, reserved 1048576K
}
Event: 2.787 GC heap after
{Heap after GC invocations=4 (full 0):
 garbage-first heap   total 129024K, used 6451K [0x0000000082e00000, 0x0000000100000000)
  region size 1024K, 4 young (4096K), 4 survivors (4096K)
 Metaspace       used 20840K, capacity 21240K, committed 21296K, reserved 1069056K
  class space    used 2290K, capacity 2430K, committed 2432K, reserved 1048576K
}
Event: 4.697 GC heap before
{Heap before GC invocations=5 (full 0):
 garbage-first heap   total 129024K, used 64819K [0x0000000082e00000, 0x0000000100000000)
  region size 1024K, 61 young (62464K), 4 survivors (4096K)
 Metaspace       used 25740K, capacity 26469K, committed 26496K, reserved 1073152K
  class space    used 2753K, capacity 2937K, committed 2944K, reserved 1048576K
}
Event: 4.712 GC heap after
{Heap after GC invocations=6 (full 0):
 garbage-first heap   total 129024K, used 10215K [0x0000000082e00000, 0x0000000100000000)
  region size 1024K, 7 young (7168K), 7 survivors (7168K)
 Metaspace       used 25740K, capacity 26469K, committed 26496K, reserved 1073152K
  class space    used 2753K, capacity 2937K, committed 2944K, reserved 1048576K
}
Event: 6.304 GC heap before
{Heap before GC invocations=6 (full 0):
 garbage-first heap   total 129024K, used 79847K [0x0000000082e00000, 0x0000000100000000)
  region size 1024K, 75 young (76800K), 7 survivors (7168K)
 Metaspace       used 29632K, capacity 30498K, committed 30720K, reserved 1077248K
  class space    used 3058K, capacity 3315K, committed 3328K, reserved 1048576K
}
Event: 6.319 GC heap after
{Heap after GC invocations=7 (full 0):
 garbage-first heap   total 129024K, used 15271K [0x0000000082e00000, 0x0000000100000000)
  region size 1024K, 9 young (9216K), 9 survivors (9216K)
 Metaspace       used 29632K, capacity 30498K, committed 30720K, reserved 1077248K
  class space    used 3058K, capacity 3315K, committed 3328K, reserved 1048576K
}
Event: 7.189 GC heap before
{Heap before GC invocations=7 (full 0):
 garbage-first heap   total 129024K, used 38823K [0x0000000082e00000, 0x0000000100000000)
  region size 1024K, 34 young (34816K), 9 survivors (9216K)
 Metaspace       used 34979K, capacity 35900K, committed 36048K, reserved 1081344K
  class space    used 3704K, capacity 3989K, committed 4096K, reserved 1048576K
}
Event: 7.200 GC heap after
{Heap after GC invocations=8 (full 0):
 garbage-first heap   total 129024K, used 16702K [0x0000000082e00000, 0x0000000100000000)
  region size 1024K, 7 young (7168K), 7 survivors (7168K)
 Metaspace       used 34979K, capacity 35900K, committed 36048K, reserved 1081344K
  class space    used 3704K, capacity 3989K, committed 4096K, reserved 1048576K
}
Event: 8.362 GC heap before
{Heap before GC invocations=9 (full 0):
 garbage-first heap   total 129024K, used 88382K [0x0000000082e00000, 0x0000000100000000)
  region size 1024K, 75 young (76800K), 7 survivors (7168K)
 Metaspace       used 43402K, capacity 44828K, committed 45136K, reserved 1089536K
  class space    used 4612K, capacity 5121K, committed 5248K, reserved 1048576K
}
Event: 8.382 GC heap after
{Heap after GC invocations=10 (full 0):
 garbage-first heap   total 155648K, used 25202K [0x0000000082e00000, 0x0000000100000000)
  region size 1024K, 10 young (10240K), 10 survivors (10240K)
 Metaspace       used 43402K, capacity 44828K, committed 45136K, reserved 1089536K
  class space    used 4612K, capacity 5121K, committed 5248K, reserved 1048576K
}
Event: 10.763 GC heap before
{Heap before GC invocations=11 (full 0):
 garbage-first heap   total 155648K, used 104050K [0x0000000082e00000, 0x0000000100000000)
  region size 1024K, 87 young (89088K), 10 survivors (10240K)
 Metaspace       used 55448K, capacity 57398K, committed 57680K, reserved 1099776K
  class space    used 6239K, capacity 6947K, committed 7040K, reserved 1048576K
}
Event: 10.789 GC heap after
{Heap after GC invocations=12 (full 0):
 garbage-first heap   total 155648K, used 33792K [0x0000000082e00000, 0x0000000100000000)
  region size 1024K, 9 young (9216K), 9 survivors (9216K)
 Metaspace       used 55448K, capacity 57398K, committed 57680K, reserved 1099776K
  class space    used 6239K, capacity 6947K, committed 7040K, reserved 1048576K
}

