# JRE version: OpenJDK Runtime Environment Corretto-11.0.30.7.1 (11.0.30+7) (build 11.0.30+7-LTS)
# Java VM: OpenJDK 64-Bit Server VM Corretto-11.0.30.7.1 (11.0.30+7-LTS, mixed mode, tiered, compressed oops, g1 gc, windows-amd64)
Heap:
 garbage-first heap   total 155648K, used 38241K [0x0000000082e00000, 0x0000000100000000)
  region size 1024K, 14 young (14336K), 9 survivors (9216K)
 Metaspace       used 57159K, capacity 59106K, committed 59344K, reserved 1101824K
  class space    used 6570K, capacity 7304K, committed 7424K, reserved 1048576K
GC Heap History (18 events):
Event: 0.987 GC heap before
{Heap before GC invocations=0 (full 0):
 garbage-first heap   total 129024K, used 14336K [0x0000000082e00000, 0x0000000100000000)
  region size 1024K, 14 young (14336K), 0 survivors (0K)
 Metaspace       used 10990K, capacity 11225K, committed 11392K, reserved 1058816K
  class space    used 1023K, capacity 1106K, committed 1152K, reserved 1048576K
}
Event: 0.991 GC heap after
{Heap after GC invocations=1 (full 0):
 garbage-first heap   total 129024K, used 3019K [0x0000000082e00000, 0x0000000100000000)
  region size 1024K, 2 young (2048K), 2 survivors (2048K)
 Metaspace       used 10990K, capacity 11225K, committed 11392K, reserved 1058816K
  class space    used 1023K, capacity 1106K, committed 1152K, reserved 1048576K
}
Event: 1.199 GC heap before
{Heap before GC invocations=1 (full 0):
 garbage-first heap   total 129024K, used 12235K [0x0000000082e00000, 0x0000000100000000)
  region size 1024K, 11 young (11264K), 2 survivors (2048K)
 Metaspace       used 13257K, capacity 13475K, committed 13568K, reserved 1060864K
  class space    used 1332K, capacity 1452K, committed 1536K, reserved 1048576K
}
Event: 1.202 GC heap after
{Heap after GC invocations=2 (full 0):
 garbage-first heap   total 129024K, used 3608K [0x0000000082e00000, 0x0000000100000000)
  region size 1024K, 1 young (1024K), 1 survivors (1024K)
 Metaspace       used 13257K, capacity 13475K, committed 13568K, reserved 1060864K
  class space    used 1332K, capacity 1452K, committed 1536K, reserved 1048576K
}
Event: 1.613 GC heap before
{Heap before GC invocations=2 (full 0):
 garbage-first heap   total 129024K, used 32280K [0x0000000082e00000, 0x0000000100000000)
  region size 1024K, 29 young (29696K), 1 survivors (1024K)
 Metaspace       used 15134K, capacity 15369K, committed 15488K, reserved 1062912K
  class space    used 1558K, capacity 1651K, committed 1664K, reserved 1048576K
}
Event: 1.618 GC heap after
{Heap after GC invocations=3 (full 0):
 garbage-first heap   total 129024K, used 4405K [0x0000000082e00000, 0x0000000100000000)
  region size 1024K, 2 young (2048K), 2 survivors (2048K)
 Metaspace       used 15134K, capacity 15369K, committed 15488K, reserved 1062912K
  class space    used 1558K, capacity 1651K, committed 1664K, reserved 1048576K
}
Event: 2.590 GC heap before
{Heap before GC invocations=3 (full 0):
 garbage-first heap   total 129024K, used 40245K [0x0000000082e00000, 0x0000000100000000)
  region size 1024K, 38 young (38912K), 2 survivors (2048K)
 Metaspace       used 20863K, capacity 21241K, committed 21296K, reserved 1069056K
  class space    used 2290K, capacity 2430K, committed 2432K, reserved 1048576K
}
Event: 2.598 GC heap after
{Heap after GC invocations=4 (full 0):
 garbage-first heap   total 129024K, used 6360K [0x0000000082e00000, 0x0000000100000000)
  region size 1024K, 4 young (4096K), 4 survivors (4096K)
 Metaspace       used 20863K, capacity 21241K, committed 21296K, reserved 1069056K
  class space    used 2290K, capacity 2430K, committed 2432K, reserved 1048576K
}
Event: 4.763 GC heap before
{Heap before GC invocations=5 (full 0):
 garbage-first heap   total 129024K, used 79064K [0x0000000082e00000, 0x0000000100000000)
  region size 1024K, 75 young (76800K), 4 survivors (4096K)
 Metaspace       used 25962K, capacity 26602K, committed 26752K, reserved 1073152K
  class space    used 2753K, capacity 2937K, committed 2944K, reserved 1048576K
}
Event: 4.778 GC heap after
{Heap after GC invocations=6 (full 0):
 garbage-first heap   total 129024K, used 10747K [0x0000000082e00000, 0x0000000100000000)
  region size 1024K, 8 young (8192K), 8 survivors (8192K)
 Metaspace       used 25962K, capacity 26602K, committed 26752K, reserved 1073152K
  class space    used 2753K, capacity 2937K, committed 2944K, reserved 1048576K
}
Event: 6.280 GC heap before
{Heap before GC invocations=6 (full 0):
 garbage-first heap   total 129024K, used 79355K [0x0000000082e00000, 0x0000000100000000)
  region size 1024K, 75 young (76800K), 8 survivors (8192K)
 Metaspace       used 32207K, capacity 32996K, committed 33024K, reserved 1079296K
  class space    used 3325K, capacity 3571K, committed 3584K, reserved 1048576K
}
Event: 6.293 GC heap after
{Heap after GC invocations=7 (full 0):
 garbage-first heap   total 129024K, used 15324K [0x0000000082e00000, 0x0000000100000000)
  region size 1024K, 9 young (9216K), 9 survivors (9216K)
 Metaspace       used 32207K, capacity 32996K, committed 33024K, reserved 1079296K
  class space    used 3325K, capacity 3571K, committed 3584K, reserved 1048576K
}
Event: 7.008 GC heap before
{Heap before GC invocations=7 (full 0):
 garbage-first heap   total 129024K, used 25564K [0x0000000082e00000, 0x0000000100000000)
  region size 1024K, 21 young (21504K), 9 survivors (9216K)
 Metaspace       used 35003K, capacity 35902K, committed 36048K, reserved 1081344K
  class space    used 3705K, capacity 3989K, committed 4096K, reserved 1048576K
}
Event: 7.020 GC heap after
{Heap after GC invocations=8 (full 0):
 garbage-first heap   total 155648K, used 17285K [0x0000000082e00000, 0x0000000100000000)
  region size 1024K, 7 young (7168K), 7 survivors (7168K)
 Metaspace       used 35003K, capacity 35902K, committed 36048K, reserved 1081344K
  class space    used 3705K, capacity 3989K, committed 4096K, reserved 1048576K
}
Event: 8.462 GC heap before
{Heap before GC invocations=9 (full 0):
 garbage-first heap   total 155648K, used 96133K [0x0000000082e00000, 0x0000000100000000)
  region size 1024K, 82 young (83968K), 7 survivors (7168K)
 Metaspace       used 44117K, capacity 45672K, committed 46032K, reserved 1089536K
  class space    used 4722K, capacity 5256K, committed 5376K, reserved 1048576K
}
Event: 8.484 GC heap after
{Heap after GC invocations=10 (full 0):
 garbage-first heap   total 155648K, used 25390K [0x0000000082e00000, 0x0000000100000000)
  region size 1024K, 11 young (11264K), 11 survivors (11264K)
 Metaspace       used 44117K, capacity 45672K, committed 46032K, reserved 1089536K
  class space    used 4722K, capacity 5256K, committed 5376K, reserved 1048576K
}
Event: 11.021 GC heap before
{Heap before GC invocations=11 (full 0):
 garbage-first heap   total 155648K, used 102190K [0x0000000082e00000, 0x0000000100000000)
  region size 1024K, 86 young (88064K), 11 survivors (11264K)
 Metaspace       used 56341K, capacity 58274K, committed 58576K, reserved 1101824K
  class space    used 6371K, capacity 7112K, committed 7168K, reserved 1048576K
}
Event: 11.051 GC heap after
{Heap after GC invocations=12 (full 0):
 garbage-first heap   total 155648K, used 34145K [0x0000000082e00000, 0x0000000100000000)
  region size 1024K, 9 young (9216K), 9 survivors (9216K)
 Metaspace       used 56341K, capacity 58274K, committed 58576K, reserved 1101824K
  class space    used 6371K, capacity 7112K, committed 7168K, reserved 1048576K
}

