<?xml version="1.0" encoding="UTF-8"?>
<testsuite xmlns:xsi="http://www.w3.org/2001/XMLSchema-instance" xsi:noNamespaceSchemaLocation="https://maven.apache.org/surefire/maven-surefire-plugin/xsd/surefire-test-report-3.0.xsd" version="3.0" name="ru.praktikum.scooter.tests.TestLoginCourier" time="6.049" tests="6" errors="0" skipped="0" failures="0">
  <properties>
[...]
</properties>
  <testcase name="courierAutorisationPasswordFailedReturns404" classname="ru.praktikum.scooter.tests.TestLoginCourier" time="1.093"/>
  <testcase name="courierAutorisationLoginFailedReturns404" classname="ru.praktikum.scooter.tests.TestLoginCourier" time="0.985"/>
  <testcase name="courierAutorisationWithoutPasswordReturns400" classname="ru.praktikum.scooter.tests.TestLoginCourier" time="0.99"/>
  <testcase name="courierAutorisaionWithoutRegistrationReturns404" classname="ru.praktikum.scooter.tests.TestLoginCourier" time="0.998"/>
  <testcase name="courierAutorisationSuccessAndReturnsID" classname="ru.praktikum.scooter.tests.TestLoginCourier" time="1.036"/>
  <testcase name="courierAutorisationWithoutLoginReturns400" classname="ru.praktikum.scooter.tests.TestLoginCourier" time="0.934"/>
</testsuite>